2020-11-25 10:23:16.417 [background-preinit] INFO  o.h.validator.internal.util.Version - HV000001: Hibernate Validator 6.1.5.Final
2020-11-25 10:23:16.452 [main] INFO  c.s.article.ArticleApplication - Starting ArticleApplication on LAPTOP-2Q04ONAQ with PID 15944 (D:\dev\PraticalSecond\soft-news\soft-news-service-article\target\classes started by ycshang in D:\dev\PraticalSecond\soft-news)
2020-11-25 10:23:16.454 [main] INFO  c.s.article.ArticleApplication - The following profiles are active: dev
2020-11-25 10:23:16.793 [background-preinit] WARN  o.s.h.c.j.Jackson2ObjectMapperBuilder - For Jackson Kotlin classes support please add "com.fasterxml.jackson.module:jackson-module-kotlin" to the classpath
2020-11-25 10:23:17.564 [main] INFO  o.s.d.r.c.RepositoryConfigurationDelegate - Multiple Spring Data modules found, entering strict repository configuration mode!
2020-11-25 10:23:17.565 [main] INFO  o.s.d.r.c.RepositoryConfigurationDelegate - Bootstrapping Spring Data MongoDB repositories in DEFAULT mode.
2020-11-25 10:23:17.589 [main] INFO  o.s.d.r.c.RepositoryConfigurationDelegate - Finished Spring Data repository scanning in 19ms. Found 0 MongoDB repository interfaces.
2020-11-25 10:23:17.603 [main] INFO  o.s.d.r.c.RepositoryConfigurationDelegate - Multiple Spring Data modules found, entering strict repository configuration mode!
2020-11-25 10:23:17.605 [main] INFO  o.s.d.r.c.RepositoryConfigurationDelegate - Bootstrapping Spring Data Redis repositories in DEFAULT mode.
2020-11-25 10:23:17.616 [main] INFO  o.s.d.r.c.RepositoryConfigurationDelegate - Finished Spring Data repository scanning in 3ms. Found 0 Redis repository interfaces.
2020-11-25 10:23:17.735 [main] WARN  o.m.s.mapper.ClassPathMapperScanner - No MyBatis mapper was found in '[com.soft1851.article]' package. Please check your configuration.
2020-11-25 10:23:18.492 [main] INFO  o.s.b.w.e.tomcat.TomcatWebServer - Tomcat initialized with port(s): 8001 (http)
2020-11-25 10:23:18.505 [main] INFO  o.a.coyote.http11.Http11NioProtocol - Initializing ProtocolHandler ["http-nio-8001"]
2020-11-25 10:23:18.506 [main] INFO  o.a.catalina.core.StandardService - Starting service [Tomcat]
2020-11-25 10:23:18.506 [main] INFO  o.a.catalina.core.StandardEngine - Starting Servlet engine: [Apache Tomcat/9.0.38]
2020-11-25 10:23:18.508 [main] INFO  o.a.c.core.AprLifecycleListener - Loaded Apache Tomcat Native library [1.2.23] using APR version [1.7.0].
2020-11-25 10:23:18.509 [main] INFO  o.a.c.core.AprLifecycleListener - APR capabilities: IPv6 [true], sendfile [true], accept filters [false], random [true].
2020-11-25 10:23:18.509 [main] INFO  o.a.c.core.AprLifecycleListener - APR/OpenSSL configuration: useAprConnector [false], useOpenSSL [true]
2020-11-25 10:23:18.514 [main] INFO  o.a.c.core.AprLifecycleListener - OpenSSL successfully initialized [OpenSSL 1.1.1c  28 May 2019]
2020-11-25 10:23:18.662 [main] INFO  o.a.c.c.C.[Tomcat].[localhost].[/] - Initializing Spring embedded WebApplicationContext
2020-11-25 10:23:18.663 [main] INFO  o.s.b.w.s.c.ServletWebServerApplicationContext - Root WebApplicationContext: initialization completed in 2160 ms
2020-11-25 10:23:19.983 [main] WARN  o.s.b.w.s.c.AnnotationConfigServletWebServerApplicationContext - Exception encountered during context initialization - cancelling refresh attempt: org.springframework.beans.factory.BeanCreationException: Error creating bean with name 'taskPublishArticle' defined in file [D:\dev\PraticalSecond\soft-news\soft-news-service-article\target\classes\com\soft1851\article\task\TaskPublishArticle.class]: Initialization of bean failed; nested exception is java.lang.IllegalStateException: Encountered invalid @Scheduled method 'publishArticles': Cron expression must consist of 6 fields (found 1 in "0/10****?")
2020-11-25 10:23:20.012 [main] INFO  o.a.catalina.core.StandardService - Stopping service [Tomcat]
2020-11-25 10:23:20.025 [main] INFO  o.s.b.a.l.ConditionEvaluationReportLoggingListener - 

Error starting ApplicationContext. To display the conditions report re-run your application with 'debug' enabled.
2020-11-25 10:23:20.037 [main] ERROR o.s.boot.SpringApplication - Application run failed
org.springframework.beans.factory.BeanCreationException: Error creating bean with name 'taskPublishArticle' defined in file [D:\dev\PraticalSecond\soft-news\soft-news-service-article\target\classes\com\soft1851\article\task\TaskPublishArticle.class]: Initialization of bean failed; nested exception is java.lang.IllegalStateException: Encountered invalid @Scheduled method 'publishArticles': Cron expression must consist of 6 fields (found 1 in "0/10****?")
	at org.springframework.beans.factory.support.AbstractAutowireCapableBeanFactory.doCreateBean(AbstractAutowireCapableBeanFactory.java:602)
	at org.springframework.beans.factory.support.AbstractAutowireCapableBeanFactory.createBean(AbstractAutowireCapableBeanFactory.java:516)
	at org.springframework.beans.factory.support.AbstractBeanFactory.lambda$doGetBean$0(AbstractBeanFactory.java:324)
	at org.springframework.beans.factory.support.DefaultSingletonBeanRegistry.getSingleton(DefaultSingletonBeanRegistry.java:234)
	at org.springframework.beans.factory.support.AbstractBeanFactory.doGetBean(AbstractBeanFactory.java:322)
	at org.springframework.beans.factory.support.AbstractBeanFactory.getBean(AbstractBeanFactory.java:202)
	at org.springframework.beans.factory.support.DefaultListableBeanFactory.preInstantiateSingletons(DefaultListableBeanFactory.java:897)
	at org.springframework.context.support.AbstractApplicationContext.finishBeanFactoryInitialization(AbstractApplicationContext.java:879)
	at org.springframework.context.support.AbstractApplicationContext.refresh(AbstractApplicationContext.java:551)
	at org.springframework.boot.web.servlet.context.ServletWebServerApplicationContext.refresh(ServletWebServerApplicationContext.java:143)
	at org.springframework.boot.SpringApplication.refresh(SpringApplication.java:758)
	at org.springframework.boot.SpringApplication.refresh(SpringApplication.java:750)
	at org.springframework.boot.SpringApplication.refreshContext(SpringApplication.java:397)
	at org.springframework.boot.SpringApplication.run(SpringApplication.java:315)
	at org.springframework.boot.SpringApplication.run(SpringApplication.java:1237)
	at org.springframework.boot.SpringApplication.run(SpringApplication.java:1226)
	at com.soft1851.article.ArticleApplication.main(ArticleApplication.java:16)
Caused by: java.lang.IllegalStateException: Encountered invalid @Scheduled method 'publishArticles': Cron expression must consist of 6 fields (found 1 in "0/10****?")
	at org.springframework.scheduling.annotation.ScheduledAnnotationBeanPostProcessor.processScheduled(ScheduledAnnotationBeanPostProcessor.java:511)
	at org.springframework.scheduling.annotation.ScheduledAnnotationBeanPostProcessor.lambda$null$1(ScheduledAnnotationBeanPostProcessor.java:374)
	at java.base/java.lang.Iterable.forEach(Iterable.java:75)
	at org.springframework.scheduling.annotation.ScheduledAnnotationBeanPostProcessor.lambda$postProcessAfterInitialization$2(ScheduledAnnotationBeanPostProcessor.java:374)
	at java.base/java.util.LinkedHashMap.forEach(LinkedHashMap.java:684)
	at org.springframework.scheduling.annotation.ScheduledAnnotationBeanPostProcessor.postProcessAfterInitialization(ScheduledAnnotationBeanPostProcessor.java:373)
	at org.springframework.beans.factory.support.AbstractAutowireCapableBeanFactory.applyBeanPostProcessorsAfterInitialization(AbstractAutowireCapableBeanFactory.java:430)
	at org.springframework.beans.factory.support.AbstractAutowireCapableBeanFactory.initializeBean(AbstractAutowireCapableBeanFactory.java:1798)
	at org.springframework.beans.factory.support.AbstractAutowireCapableBeanFactory.doCreateBean(AbstractAutowireCapableBeanFactory.java:594)
	... 16 common frames omitted
2020-11-25 10:27:06.837 [background-preinit] INFO  o.h.validator.internal.util.Version - HV000001: Hibernate Validator 6.1.5.Final
2020-11-25 10:27:06.872 [main] INFO  c.s.article.ArticleApplication - Starting ArticleApplication on LAPTOP-2Q04ONAQ with PID 23284 (D:\dev\PraticalSecond\soft-news\soft-news-service-article\target\classes started by ycshang in D:\dev\PraticalSecond\soft-news)
2020-11-25 10:27:06.874 [main] INFO  c.s.article.ArticleApplication - The following profiles are active: dev
2020-11-25 10:27:07.229 [background-preinit] WARN  o.s.h.c.j.Jackson2ObjectMapperBuilder - For Jackson Kotlin classes support please add "com.fasterxml.jackson.module:jackson-module-kotlin" to the classpath
2020-11-25 10:27:07.938 [main] INFO  o.s.d.r.c.RepositoryConfigurationDelegate - Multiple Spring Data modules found, entering strict repository configuration mode!
2020-11-25 10:27:07.939 [main] INFO  o.s.d.r.c.RepositoryConfigurationDelegate - Bootstrapping Spring Data MongoDB repositories in DEFAULT mode.
2020-11-25 10:27:07.969 [main] INFO  o.s.d.r.c.RepositoryConfigurationDelegate - Finished Spring Data repository scanning in 24ms. Found 0 MongoDB repository interfaces.
2020-11-25 10:27:07.983 [main] INFO  o.s.d.r.c.RepositoryConfigurationDelegate - Multiple Spring Data modules found, entering strict repository configuration mode!
2020-11-25 10:27:07.985 [main] INFO  o.s.d.r.c.RepositoryConfigurationDelegate - Bootstrapping Spring Data Redis repositories in DEFAULT mode.
2020-11-25 10:27:07.993 [main] INFO  o.s.d.r.c.RepositoryConfigurationDelegate - Finished Spring Data repository scanning in 3ms. Found 0 Redis repository interfaces.
2020-11-25 10:27:08.099 [main] WARN  o.m.s.mapper.ClassPathMapperScanner - No MyBatis mapper was found in '[com.soft1851.article]' package. Please check your configuration.
2020-11-25 10:27:08.692 [main] INFO  o.s.b.w.e.tomcat.TomcatWebServer - Tomcat initialized with port(s): 8001 (http)
2020-11-25 10:27:08.700 [main] INFO  o.a.coyote.http11.Http11NioProtocol - Initializing ProtocolHandler ["http-nio-8001"]
2020-11-25 10:27:08.701 [main] INFO  o.a.catalina.core.StandardService - Starting service [Tomcat]
2020-11-25 10:27:08.701 [main] INFO  o.a.catalina.core.StandardEngine - Starting Servlet engine: [Apache Tomcat/9.0.38]
2020-11-25 10:27:08.702 [main] INFO  o.a.c.core.AprLifecycleListener - Loaded Apache Tomcat Native library [1.2.23] using APR version [1.7.0].
2020-11-25 10:27:08.703 [main] INFO  o.a.c.core.AprLifecycleListener - APR capabilities: IPv6 [true], sendfile [true], accept filters [false], random [true].
2020-11-25 10:27:08.703 [main] INFO  o.a.c.core.AprLifecycleListener - APR/OpenSSL configuration: useAprConnector [false], useOpenSSL [true]
2020-11-25 10:27:08.706 [main] INFO  o.a.c.core.AprLifecycleListener - OpenSSL successfully initialized [OpenSSL 1.1.1c  28 May 2019]
2020-11-25 10:27:08.845 [main] INFO  o.a.c.c.C.[Tomcat].[localhost].[/] - Initializing Spring embedded WebApplicationContext
2020-11-25 10:27:08.845 [main] INFO  o.s.b.w.s.c.ServletWebServerApplicationContext - Root WebApplicationContext: initialization completed in 1921 ms
2020-11-25 10:27:09.834 [main] WARN  o.s.b.w.s.c.AnnotationConfigServletWebServerApplicationContext - Exception encountered during context initialization - cancelling refresh attempt: org.springframework.beans.factory.BeanCreationException: Error creating bean with name 'taskPublishArticle' defined in file [D:\dev\PraticalSecond\soft-news\soft-news-service-article\target\classes\com\soft1851\article\task\TaskPublishArticle.class]: Initialization of bean failed; nested exception is java.lang.IllegalStateException: Encountered invalid @Scheduled method 'publishArticles': Cron expression must consist of 6 fields (found 1 in "0/10****?")
2020-11-25 10:27:09.872 [main] INFO  o.a.catalina.core.StandardService - Stopping service [Tomcat]
2020-11-25 10:27:09.895 [main] INFO  o.s.b.a.l.ConditionEvaluationReportLoggingListener - 

Error starting ApplicationContext. To display the conditions report re-run your application with 'debug' enabled.
2020-11-25 10:27:09.907 [main] ERROR o.s.boot.SpringApplication - Application run failed
org.springframework.beans.factory.BeanCreationException: Error creating bean with name 'taskPublishArticle' defined in file [D:\dev\PraticalSecond\soft-news\soft-news-service-article\target\classes\com\soft1851\article\task\TaskPublishArticle.class]: Initialization of bean failed; nested exception is java.lang.IllegalStateException: Encountered invalid @Scheduled method 'publishArticles': Cron expression must consist of 6 fields (found 1 in "0/10****?")
	at org.springframework.beans.factory.support.AbstractAutowireCapableBeanFactory.doCreateBean(AbstractAutowireCapableBeanFactory.java:602)
	at org.springframework.beans.factory.support.AbstractAutowireCapableBeanFactory.createBean(AbstractAutowireCapableBeanFactory.java:516)
	at org.springframework.beans.factory.support.AbstractBeanFactory.lambda$doGetBean$0(AbstractBeanFactory.java:324)
	at org.springframework.beans.factory.support.DefaultSingletonBeanRegistry.getSingleton(DefaultSingletonBeanRegistry.java:234)
	at org.springframework.beans.factory.support.AbstractBeanFactory.doGetBean(AbstractBeanFactory.java:322)
	at org.springframework.beans.factory.support.AbstractBeanFactory.getBean(AbstractBeanFactory.java:202)
	at org.springframework.beans.factory.support.DefaultListableBeanFactory.preInstantiateSingletons(DefaultListableBeanFactory.java:897)
	at org.springframework.context.support.AbstractApplicationContext.finishBeanFactoryInitialization(AbstractApplicationContext.java:879)
	at org.springframework.context.support.AbstractApplicationContext.refresh(AbstractApplicationContext.java:551)
	at org.springframework.boot.web.servlet.context.ServletWebServerApplicationContext.refresh(ServletWebServerApplicationContext.java:143)
	at org.springframework.boot.SpringApplication.refresh(SpringApplication.java:758)
	at org.springframework.boot.SpringApplication.refresh(SpringApplication.java:750)
	at org.springframework.boot.SpringApplication.refreshContext(SpringApplication.java:397)
	at org.springframework.boot.SpringApplication.run(SpringApplication.java:315)
	at org.springframework.boot.SpringApplication.run(SpringApplication.java:1237)
	at org.springframework.boot.SpringApplication.run(SpringApplication.java:1226)
	at com.soft1851.article.ArticleApplication.main(ArticleApplication.java:16)
Caused by: java.lang.IllegalStateException: Encountered invalid @Scheduled method 'publishArticles': Cron expression must consist of 6 fields (found 1 in "0/10****?")
	at org.springframework.scheduling.annotation.ScheduledAnnotationBeanPostProcessor.processScheduled(ScheduledAnnotationBeanPostProcessor.java:511)
	at org.springframework.scheduling.annotation.ScheduledAnnotationBeanPostProcessor.lambda$null$1(ScheduledAnnotationBeanPostProcessor.java:374)
	at java.base/java.lang.Iterable.forEach(Iterable.java:75)
	at org.springframework.scheduling.annotation.ScheduledAnnotationBeanPostProcessor.lambda$postProcessAfterInitialization$2(ScheduledAnnotationBeanPostProcessor.java:374)
	at java.base/java.util.LinkedHashMap.forEach(LinkedHashMap.java:684)
	at org.springframework.scheduling.annotation.ScheduledAnnotationBeanPostProcessor.postProcessAfterInitialization(ScheduledAnnotationBeanPostProcessor.java:373)
	at org.springframework.beans.factory.support.AbstractAutowireCapableBeanFactory.applyBeanPostProcessorsAfterInitialization(AbstractAutowireCapableBeanFactory.java:430)
	at org.springframework.beans.factory.support.AbstractAutowireCapableBeanFactory.initializeBean(AbstractAutowireCapableBeanFactory.java:1798)
	at org.springframework.beans.factory.support.AbstractAutowireCapableBeanFactory.doCreateBean(AbstractAutowireCapableBeanFactory.java:594)
	... 16 common frames omitted
2020-11-25 10:29:04.454 [background-preinit] INFO  o.h.validator.internal.util.Version - HV000001: Hibernate Validator 6.1.5.Final
2020-11-25 10:29:04.480 [main] INFO  c.s.article.ArticleApplication - Starting ArticleApplication on LAPTOP-2Q04ONAQ with PID 28616 (D:\dev\PraticalSecond\soft-news\soft-news-service-article\target\classes started by ycshang in D:\dev\PraticalSecond\soft-news)
2020-11-25 10:29:04.481 [main] INFO  c.s.article.ArticleApplication - The following profiles are active: dev
2020-11-25 10:29:04.842 [background-preinit] WARN  o.s.h.c.j.Jackson2ObjectMapperBuilder - For Jackson Kotlin classes support please add "com.fasterxml.jackson.module:jackson-module-kotlin" to the classpath
2020-11-25 10:29:05.503 [main] INFO  o.s.d.r.c.RepositoryConfigurationDelegate - Multiple Spring Data modules found, entering strict repository configuration mode!
2020-11-25 10:29:05.504 [main] INFO  o.s.d.r.c.RepositoryConfigurationDelegate - Bootstrapping Spring Data MongoDB repositories in DEFAULT mode.
2020-11-25 10:29:05.533 [main] INFO  o.s.d.r.c.RepositoryConfigurationDelegate - Finished Spring Data repository scanning in 23ms. Found 0 MongoDB repository interfaces.
2020-11-25 10:29:05.544 [main] INFO  o.s.d.r.c.RepositoryConfigurationDelegate - Multiple Spring Data modules found, entering strict repository configuration mode!
2020-11-25 10:29:05.545 [main] INFO  o.s.d.r.c.RepositoryConfigurationDelegate - Bootstrapping Spring Data Redis repositories in DEFAULT mode.
2020-11-25 10:29:05.555 [main] INFO  o.s.d.r.c.RepositoryConfigurationDelegate - Finished Spring Data repository scanning in 3ms. Found 0 Redis repository interfaces.
2020-11-25 10:29:05.675 [main] WARN  o.m.s.mapper.ClassPathMapperScanner - No MyBatis mapper was found in '[com.soft1851.article]' package. Please check your configuration.
2020-11-25 10:29:06.837 [main] INFO  o.s.b.w.e.tomcat.TomcatWebServer - Tomcat initialized with port(s): 8001 (http)
2020-11-25 10:29:06.847 [main] INFO  o.a.coyote.http11.Http11NioProtocol - Initializing ProtocolHandler ["http-nio-8001"]
2020-11-25 10:29:06.848 [main] INFO  o.a.catalina.core.StandardService - Starting service [Tomcat]
2020-11-25 10:29:06.848 [main] INFO  o.a.catalina.core.StandardEngine - Starting Servlet engine: [Apache Tomcat/9.0.38]
2020-11-25 10:29:06.849 [main] INFO  o.a.c.core.AprLifecycleListener - Loaded Apache Tomcat Native library [1.2.23] using APR version [1.7.0].
2020-11-25 10:29:06.851 [main] INFO  o.a.c.core.AprLifecycleListener - APR capabilities: IPv6 [true], sendfile [true], accept filters [false], random [true].
2020-11-25 10:29:06.851 [main] INFO  o.a.c.core.AprLifecycleListener - APR/OpenSSL configuration: useAprConnector [false], useOpenSSL [true]
2020-11-25 10:29:06.854 [main] INFO  o.a.c.core.AprLifecycleListener - OpenSSL successfully initialized [OpenSSL 1.1.1c  28 May 2019]
2020-11-25 10:29:07.054 [main] INFO  o.a.c.c.C.[Tomcat].[localhost].[/] - Initializing Spring embedded WebApplicationContext
2020-11-25 10:29:07.055 [main] INFO  o.s.b.w.s.c.ServletWebServerApplicationContext - Root WebApplicationContext: initialization completed in 2528 ms
2020-11-25 10:29:10.494 [main] INFO  o.s.s.c.ThreadPoolTaskExecutor - Initializing ExecutorService 'applicationTaskExecutor'
2020-11-25 10:29:10.765 [main] INFO  t.m.m.a.MapperCacheDisabler - Clear tk.mybatis.mapper.util.MsUtil CLASS_CACHE cache.
2020-11-25 10:29:10.766 [main] INFO  t.m.m.a.MapperCacheDisabler - Clear tk.mybatis.mapper.genid.GenIdUtil CACHE cache.
2020-11-25 10:29:10.768 [main] INFO  t.m.m.a.MapperCacheDisabler - Clear tk.mybatis.mapper.version.VersionUtil CACHE cache.
2020-11-25 10:29:10.768 [main] INFO  t.m.m.a.MapperCacheDisabler - Clear EntityHelper entityTableMap cache.
2020-11-25 10:29:10.990 [main] INFO  org.mongodb.driver.cluster - Cluster created with settings {hosts=[120.26.184.121:27017], mode=SINGLE, requiredClusterType=UNKNOWN, serverSelectionTimeout='30000 ms', maxWaitQueueSize=500}
2020-11-25 10:29:11.161 [cluster-ClusterId{value='5fbdc17662243142d3fe729c', description='null'}-120.26.184.121:27017] INFO  org.mongodb.driver.connection - Opened connection [connectionId{localValue:1, serverValue:168}] to 120.26.184.121:27017
2020-11-25 10:29:11.187 [cluster-ClusterId{value='5fbdc17662243142d3fe729c', description='null'}-120.26.184.121:27017] INFO  org.mongodb.driver.cluster - Monitor thread successfully connected to server with description ServerDescription{address=120.26.184.121:27017, type=STANDALONE, state=CONNECTED, ok=true, version=ServerVersion{versionList=[4, 4, 2]}, minWireVersion=0, maxWireVersion=9, maxDocumentSize=16777216, logicalSessionTimeoutMinutes=30, roundTripTimeNanos=21245700}
2020-11-25 10:29:11.198 [main] WARN  o.s.data.convert.CustomConversions - Registering converter from class java.time.LocalDateTime to class org.joda.time.LocalDateTime as reading converter although it doesn't convert from a store-supported type! You might want to check your annotation setup at the converter implementation.
2020-11-25 10:29:11.257 [main] WARN  o.s.data.convert.CustomConversions - Registering converter from class java.time.LocalDateTime to class org.joda.time.LocalDateTime as reading converter although it doesn't convert from a store-supported type! You might want to check your annotation setup at the converter implementation.
2020-11-25 10:29:11.803 [main] INFO  o.s.s.c.ThreadPoolTaskScheduler - Initializing ExecutorService 'taskScheduler'
2020-11-25 10:29:11.883 [main] INFO  o.a.coyote.http11.Http11NioProtocol - Starting ProtocolHandler ["http-nio-8001"]
2020-11-25 10:29:11.941 [main] INFO  o.s.b.w.e.tomcat.TomcatWebServer - Tomcat started on port(s): 8001 (http) with context path ''
2020-11-25 10:29:11.966 [main] INFO  s.d.s.w.p.DocumentationPluginsBootstrapper - Context refreshed
2020-11-25 10:29:11.989 [main] INFO  s.d.s.w.p.DocumentationPluginsBootstrapper - Found 1 custom documentation plugin(s)
2020-11-25 10:29:12.005 [main] INFO  s.d.s.w.s.ApiListingReferenceScanner - Scanning for api listing references
2020-11-25 10:29:12.281 [main] INFO  c.s.article.ArticleApplication - Started ArticleApplication in 8.336 seconds (JVM running for 9.453)
2020-11-25 10:29:20.040 [scheduling-1] INFO  com.zaxxer.hikari.HikariDataSource - DateSourceHikariCP - Starting...
2020-11-25 10:29:20.581 [scheduling-1] INFO  com.zaxxer.hikari.HikariDataSource - DateSourceHikariCP - Start completed.
2020-11-25 10:29:20.594 [scheduling-1] INFO  c.s.api.aspect.ServiceLogAspect - ====开始执行class com.soft1851.article.service.impl.ArticleServiceImplupdateAppointToPublish======
2020-11-25 10:29:20.674 [scheduling-1] ERROR c.s.api.aspect.ServiceLogAspect - 当前执行耗时:79
2020-11-25 10:29:30.019 [scheduling-1] INFO  c.s.api.aspect.ServiceLogAspect - ====开始执行class com.soft1851.article.service.impl.ArticleServiceImplupdateAppointToPublish======
2020-11-25 10:29:30.026 [scheduling-1] ERROR c.s.api.aspect.ServiceLogAspect - 当前执行耗时:6
2020-11-25 10:29:40.017 [scheduling-1] INFO  c.s.api.aspect.ServiceLogAspect - ====开始执行class com.soft1851.article.service.impl.ArticleServiceImplupdateAppointToPublish======
2020-11-25 10:29:40.025 [scheduling-1] ERROR c.s.api.aspect.ServiceLogAspect - 当前执行耗时:6
2020-11-25 10:29:50.014 [scheduling-1] INFO  c.s.api.aspect.ServiceLogAspect - ====开始执行class com.soft1851.article.service.impl.ArticleServiceImplupdateAppointToPublish======
2020-11-25 10:29:50.020 [scheduling-1] ERROR c.s.api.aspect.ServiceLogAspect - 当前执行耗时:4
2020-11-25 10:30:00.015 [scheduling-1] INFO  c.s.api.aspect.ServiceLogAspect - ====开始执行class com.soft1851.article.service.impl.ArticleServiceImplupdateAppointToPublish======
2020-11-25 10:30:00.017 [scheduling-1] ERROR c.s.api.aspect.ServiceLogAspect - 当前执行耗时:2
2020-11-25 10:30:10.006 [scheduling-1] INFO  c.s.api.aspect.ServiceLogAspect - ====开始执行class com.soft1851.article.service.impl.ArticleServiceImplupdateAppointToPublish======
2020-11-25 10:30:10.012 [scheduling-1] ERROR c.s.api.aspect.ServiceLogAspect - 当前执行耗时:5
2020-11-25 10:30:20.020 [scheduling-1] INFO  c.s.api.aspect.ServiceLogAspect - ====开始执行class com.soft1851.article.service.impl.ArticleServiceImplupdateAppointToPublish======
2020-11-25 10:30:20.025 [scheduling-1] ERROR c.s.api.aspect.ServiceLogAspect - 当前执行耗时:4
2020-11-25 10:30:30.018 [scheduling-1] INFO  c.s.api.aspect.ServiceLogAspect - ====开始执行class com.soft1851.article.service.impl.ArticleServiceImplupdateAppointToPublish======
2020-11-25 10:30:30.025 [scheduling-1] ERROR c.s.api.aspect.ServiceLogAspect - 当前执行耗时:6
2020-11-25 10:30:40.015 [scheduling-1] INFO  c.s.api.aspect.ServiceLogAspect - ====开始执行class com.soft1851.article.service.impl.ArticleServiceImplupdateAppointToPublish======
2020-11-25 10:30:40.018 [scheduling-1] ERROR c.s.api.aspect.ServiceLogAspect - 当前执行耗时:1
2020-11-25 10:30:50.008 [scheduling-1] INFO  c.s.api.aspect.ServiceLogAspect - ====开始执行class com.soft1851.article.service.impl.ArticleServiceImplupdateAppointToPublish======
2020-11-25 10:30:50.014 [scheduling-1] ERROR c.s.api.aspect.ServiceLogAspect - 当前执行耗时:6
2020-11-25 10:31:00.007 [scheduling-1] INFO  c.s.api.aspect.ServiceLogAspect - ====开始执行class com.soft1851.article.service.impl.ArticleServiceImplupdateAppointToPublish======
2020-11-25 10:31:00.012 [scheduling-1] ERROR c.s.api.aspect.ServiceLogAspect - 当前执行耗时:4
2020-11-25 10:31:10.003 [scheduling-1] INFO  c.s.api.aspect.ServiceLogAspect - ====开始执行class com.soft1851.article.service.impl.ArticleServiceImplupdateAppointToPublish======
2020-11-25 10:31:10.007 [scheduling-1] ERROR c.s.api.aspect.ServiceLogAspect - 当前执行耗时:3
2020-11-25 10:31:20.013 [scheduling-1] INFO  c.s.api.aspect.ServiceLogAspect - ====开始执行class com.soft1851.article.service.impl.ArticleServiceImplupdateAppointToPublish======
2020-11-25 10:31:20.019 [scheduling-1] ERROR c.s.api.aspect.ServiceLogAspect - 当前执行耗时:5
2020-11-25 10:31:30.006 [scheduling-1] INFO  c.s.api.aspect.ServiceLogAspect - ====开始执行class com.soft1851.article.service.impl.ArticleServiceImplupdateAppointToPublish======
2020-11-25 10:31:30.013 [scheduling-1] ERROR c.s.api.aspect.ServiceLogAspect - 当前执行耗时:6
2020-11-25 10:31:40.010 [scheduling-1] INFO  c.s.api.aspect.ServiceLogAspect - ====开始执行class com.soft1851.article.service.impl.ArticleServiceImplupdateAppointToPublish======
2020-11-25 10:31:40.015 [scheduling-1] ERROR c.s.api.aspect.ServiceLogAspect - 当前执行耗时:5
2020-11-25 10:31:50.020 [scheduling-1] INFO  c.s.api.aspect.ServiceLogAspect - ====开始执行class com.soft1851.article.service.impl.ArticleServiceImplupdateAppointToPublish======
2020-11-25 10:31:50.034 [scheduling-1] ERROR c.s.api.aspect.ServiceLogAspect - 当前执行耗时:13
2020-11-25 10:32:00.005 [scheduling-1] INFO  c.s.api.aspect.ServiceLogAspect - ====开始执行class com.soft1851.article.service.impl.ArticleServiceImplupdateAppointToPublish======
2020-11-25 10:32:00.008 [scheduling-1] ERROR c.s.api.aspect.ServiceLogAspect - 当前执行耗时:3
2020-11-25 10:32:10.014 [scheduling-1] INFO  c.s.api.aspect.ServiceLogAspect - ====开始执行class com.soft1851.article.service.impl.ArticleServiceImplupdateAppointToPublish======
2020-11-25 10:32:10.020 [scheduling-1] ERROR c.s.api.aspect.ServiceLogAspect - 当前执行耗时:5
2020-11-25 10:32:20.007 [scheduling-1] INFO  c.s.api.aspect.ServiceLogAspect - ====开始执行class com.soft1851.article.service.impl.ArticleServiceImplupdateAppointToPublish======
2020-11-25 10:32:20.014 [scheduling-1] ERROR c.s.api.aspect.ServiceLogAspect - 当前执行耗时:6
2020-11-25 10:32:30.016 [scheduling-1] INFO  c.s.api.aspect.ServiceLogAspect - ====开始执行class com.soft1851.article.service.impl.ArticleServiceImplupdateAppointToPublish======
2020-11-25 10:32:30.023 [scheduling-1] ERROR c.s.api.aspect.ServiceLogAspect - 当前执行耗时:6
2020-11-25 10:32:40.007 [scheduling-1] INFO  c.s.api.aspect.ServiceLogAspect - ====开始执行class com.soft1851.article.service.impl.ArticleServiceImplupdateAppointToPublish======
2020-11-25 10:32:40.014 [scheduling-1] ERROR c.s.api.aspect.ServiceLogAspect - 当前执行耗时:7
2020-11-25 10:32:50.017 [scheduling-1] INFO  c.s.api.aspect.ServiceLogAspect - ====开始执行class com.soft1851.article.service.impl.ArticleServiceImplupdateAppointToPublish======
2020-11-25 10:32:50.023 [scheduling-1] ERROR c.s.api.aspect.ServiceLogAspect - 当前执行耗时:6
2020-11-25 10:33:00.011 [scheduling-1] INFO  c.s.api.aspect.ServiceLogAspect - ====开始执行class com.soft1851.article.service.impl.ArticleServiceImplupdateAppointToPublish======
2020-11-25 10:33:00.014 [scheduling-1] ERROR c.s.api.aspect.ServiceLogAspect - 当前执行耗时:3
2020-11-25 10:33:10.013 [scheduling-1] INFO  c.s.api.aspect.ServiceLogAspect - ====开始执行class com.soft1851.article.service.impl.ArticleServiceImplupdateAppointToPublish======
2020-11-25 10:33:10.014 [scheduling-1] ERROR c.s.api.aspect.ServiceLogAspect - 当前执行耗时:1
2020-11-25 10:33:20.002 [scheduling-1] INFO  c.s.api.aspect.ServiceLogAspect - ====开始执行class com.soft1851.article.service.impl.ArticleServiceImplupdateAppointToPublish======
2020-11-25 10:33:20.006 [scheduling-1] ERROR c.s.api.aspect.ServiceLogAspect - 当前执行耗时:3
2020-11-25 10:33:30.014 [scheduling-1] INFO  c.s.api.aspect.ServiceLogAspect - ====开始执行class com.soft1851.article.service.impl.ArticleServiceImplupdateAppointToPublish======
2020-11-25 10:33:30.018 [scheduling-1] ERROR c.s.api.aspect.ServiceLogAspect - 当前执行耗时:3
2020-11-25 10:33:37.118 [http-nio-8001-exec-1] INFO  o.a.c.c.C.[Tomcat].[localhost].[/] - Initializing Spring DispatcherServlet 'dispatcherServlet'
2020-11-25 10:33:37.119 [http-nio-8001-exec-1] INFO  o.s.web.servlet.DispatcherServlet - Initializing Servlet 'dispatcherServlet'
2020-11-25 10:33:37.136 [http-nio-8001-exec-1] INFO  o.s.web.servlet.DispatcherServlet - Completed initialization in 17 ms
2020-11-25 10:33:40.005 [scheduling-1] INFO  c.s.api.aspect.ServiceLogAspect - ====开始执行class com.soft1851.article.service.impl.ArticleServiceImplupdateAppointToPublish======
2020-11-25 10:33:40.008 [scheduling-1] ERROR c.s.api.aspect.ServiceLogAspect - 当前执行耗时:3
2020-11-25 10:33:50.008 [scheduling-1] INFO  c.s.api.aspect.ServiceLogAspect - ====开始执行class com.soft1851.article.service.impl.ArticleServiceImplupdateAppointToPublish======
2020-11-25 10:33:50.015 [scheduling-1] ERROR c.s.api.aspect.ServiceLogAspect - 当前执行耗时:6
2020-11-25 10:34:00.005 [scheduling-1] INFO  c.s.api.aspect.ServiceLogAspect - ====开始执行class com.soft1851.article.service.impl.ArticleServiceImplupdateAppointToPublish======
2020-11-25 10:34:00.007 [scheduling-1] ERROR c.s.api.aspect.ServiceLogAspect - 当前执行耗时:2
2020-11-25 10:34:10.009 [scheduling-1] INFO  c.s.api.aspect.ServiceLogAspect - ====开始执行class com.soft1851.article.service.impl.ArticleServiceImplupdateAppointToPublish======
2020-11-25 10:34:10.015 [scheduling-1] ERROR c.s.api.aspect.ServiceLogAspect - 当前执行耗时:6
2020-11-25 10:34:20.006 [scheduling-1] INFO  c.s.api.aspect.ServiceLogAspect - ====开始执行class com.soft1851.article.service.impl.ArticleServiceImplupdateAppointToPublish======
2020-11-25 10:34:20.009 [scheduling-1] ERROR c.s.api.aspect.ServiceLogAspect - 当前执行耗时:3
2020-11-25 10:34:30.007 [scheduling-1] INFO  c.s.api.aspect.ServiceLogAspect - ====开始执行class com.soft1851.article.service.impl.ArticleServiceImplupdateAppointToPublish======
2020-11-25 10:34:30.009 [scheduling-1] ERROR c.s.api.aspect.ServiceLogAspect - 当前执行耗时:2
2020-11-25 10:34:40.009 [scheduling-1] INFO  c.s.api.aspect.ServiceLogAspect - ====开始执行class com.soft1851.article.service.impl.ArticleServiceImplupdateAppointToPublish======
2020-11-25 10:34:40.014 [scheduling-1] ERROR c.s.api.aspect.ServiceLogAspect - 当前执行耗时:4
2020-11-25 10:34:50.013 [scheduling-1] INFO  c.s.api.aspect.ServiceLogAspect - ====开始执行class com.soft1851.article.service.impl.ArticleServiceImplupdateAppointToPublish======
2020-11-25 10:34:50.017 [scheduling-1] ERROR c.s.api.aspect.ServiceLogAspect - 当前执行耗时:4
2020-11-25 10:35:00.012 [scheduling-1] INFO  c.s.api.aspect.ServiceLogAspect - ====开始执行class com.soft1851.article.service.impl.ArticleServiceImplupdateAppointToPublish======
2020-11-25 10:35:00.017 [scheduling-1] ERROR c.s.api.aspect.ServiceLogAspect - 当前执行耗时:5
2020-11-25 10:35:10.016 [scheduling-1] INFO  c.s.api.aspect.ServiceLogAspect - ====开始执行class com.soft1851.article.service.impl.ArticleServiceImplupdateAppointToPublish======
2020-11-25 10:35:10.026 [scheduling-1] ERROR c.s.api.aspect.ServiceLogAspect - 当前执行耗时:10
2020-11-25 10:35:20.011 [scheduling-1] INFO  c.s.api.aspect.ServiceLogAspect - ====开始执行class com.soft1851.article.service.impl.ArticleServiceImplupdateAppointToPublish======
2020-11-25 10:35:20.012 [scheduling-1] ERROR c.s.api.aspect.ServiceLogAspect - 当前执行耗时:1
2020-11-25 10:35:30.018 [scheduling-1] INFO  c.s.api.aspect.ServiceLogAspect - ====开始执行class com.soft1851.article.service.impl.ArticleServiceImplupdateAppointToPublish======
2020-11-25 10:35:30.021 [scheduling-1] ERROR c.s.api.aspect.ServiceLogAspect - 当前执行耗时:3
2020-11-25 10:35:40.010 [scheduling-1] INFO  c.s.api.aspect.ServiceLogAspect - ====开始执行class com.soft1851.article.service.impl.ArticleServiceImplupdateAppointToPublish======
2020-11-25 10:35:40.015 [scheduling-1] ERROR c.s.api.aspect.ServiceLogAspect - 当前执行耗时:4
2020-11-25 10:35:50.011 [scheduling-1] INFO  c.s.api.aspect.ServiceLogAspect - ====开始执行class com.soft1851.article.service.impl.ArticleServiceImplupdateAppointToPublish======
2020-11-25 10:35:50.014 [scheduling-1] ERROR c.s.api.aspect.ServiceLogAspect - 当前执行耗时:2
2020-11-25 10:36:00.004 [scheduling-1] INFO  c.s.api.aspect.ServiceLogAspect - ====开始执行class com.soft1851.article.service.impl.ArticleServiceImplupdateAppointToPublish======
2020-11-25 10:36:00.007 [scheduling-1] ERROR c.s.api.aspect.ServiceLogAspect - 当前执行耗时:2
2020-11-25 10:36:10.018 [scheduling-1] INFO  c.s.api.aspect.ServiceLogAspect - ====开始执行class com.soft1851.article.service.impl.ArticleServiceImplupdateAppointToPublish======
2020-11-25 10:36:10.023 [scheduling-1] ERROR c.s.api.aspect.ServiceLogAspect - 当前执行耗时:4
2020-11-25 10:36:20.010 [scheduling-1] INFO  c.s.api.aspect.ServiceLogAspect - ====开始执行class com.soft1851.article.service.impl.ArticleServiceImplupdateAppointToPublish======
2020-11-25 10:36:20.014 [scheduling-1] ERROR c.s.api.aspect.ServiceLogAspect - 当前执行耗时:4
2020-11-25 10:36:30.015 [scheduling-1] INFO  c.s.api.aspect.ServiceLogAspect - ====开始执行class com.soft1851.article.service.impl.ArticleServiceImplupdateAppointToPublish======
2020-11-25 10:36:30.017 [scheduling-1] ERROR c.s.api.aspect.ServiceLogAspect - 当前执行耗时:2
2020-11-25 10:36:40.005 [scheduling-1] INFO  c.s.api.aspect.ServiceLogAspect - ====开始执行class com.soft1851.article.service.impl.ArticleServiceImplupdateAppointToPublish======
2020-11-25 10:36:40.010 [scheduling-1] ERROR c.s.api.aspect.ServiceLogAspect - 当前执行耗时:5
2020-11-25 10:36:50.014 [scheduling-1] INFO  c.s.api.aspect.ServiceLogAspect - ====开始执行class com.soft1851.article.service.impl.ArticleServiceImplupdateAppointToPublish======
2020-11-25 10:36:50.018 [scheduling-1] ERROR c.s.api.aspect.ServiceLogAspect - 当前执行耗时:3
2020-11-25 10:37:00.012 [scheduling-1] INFO  c.s.api.aspect.ServiceLogAspect - ====开始执行class com.soft1851.article.service.impl.ArticleServiceImplupdateAppointToPublish======
2020-11-25 10:37:00.017 [scheduling-1] ERROR c.s.api.aspect.ServiceLogAspect - 当前执行耗时:5
2020-11-25 10:37:10.007 [scheduling-1] INFO  c.s.api.aspect.ServiceLogAspect - ====开始执行class com.soft1851.article.service.impl.ArticleServiceImplupdateAppointToPublish======
2020-11-25 10:37:10.011 [scheduling-1] ERROR c.s.api.aspect.ServiceLogAspect - 当前执行耗时:3
2020-11-25 10:37:20.003 [scheduling-1] INFO  c.s.api.aspect.ServiceLogAspect - ====开始执行class com.soft1851.article.service.impl.ArticleServiceImplupdateAppointToPublish======
2020-11-25 10:37:20.004 [scheduling-1] ERROR c.s.api.aspect.ServiceLogAspect - 当前执行耗时:0
2020-11-25 10:37:30.003 [scheduling-1] INFO  c.s.api.aspect.ServiceLogAspect - ====开始执行class com.soft1851.article.service.impl.ArticleServiceImplupdateAppointToPublish======
2020-11-25 10:37:30.004 [scheduling-1] ERROR c.s.api.aspect.ServiceLogAspect - 当前执行耗时:1
2020-11-25 10:37:40.012 [scheduling-1] INFO  c.s.api.aspect.ServiceLogAspect - ====开始执行class com.soft1851.article.service.impl.ArticleServiceImplupdateAppointToPublish======
2020-11-25 10:37:40.014 [scheduling-1] ERROR c.s.api.aspect.ServiceLogAspect - 当前执行耗时:1
2020-11-25 10:37:50.012 [scheduling-1] INFO  c.s.api.aspect.ServiceLogAspect - ====开始执行class com.soft1851.article.service.impl.ArticleServiceImplupdateAppointToPublish======
2020-11-25 10:37:50.013 [scheduling-1] ERROR c.s.api.aspect.ServiceLogAspect - 当前执行耗时:1
2020-11-25 10:38:00.014 [scheduling-1] INFO  c.s.api.aspect.ServiceLogAspect - ====开始执行class com.soft1851.article.service.impl.ArticleServiceImplupdateAppointToPublish======
2020-11-25 10:38:00.015 [scheduling-1] ERROR c.s.api.aspect.ServiceLogAspect - 当前执行耗时:1
2020-11-25 10:38:10.005 [scheduling-1] INFO  c.s.api.aspect.ServiceLogAspect - ====开始执行class com.soft1851.article.service.impl.ArticleServiceImplupdateAppointToPublish======
2020-11-25 10:38:10.006 [scheduling-1] ERROR c.s.api.aspect.ServiceLogAspect - 当前执行耗时:1
2020-11-25 10:38:20.011 [scheduling-1] INFO  c.s.api.aspect.ServiceLogAspect - ====开始执行class com.soft1851.article.service.impl.ArticleServiceImplupdateAppointToPublish======
2020-11-25 10:38:20.012 [scheduling-1] ERROR c.s.api.aspect.ServiceLogAspect - 当前执行耗时:1
2020-11-25 10:38:30.006 [scheduling-1] INFO  c.s.api.aspect.ServiceLogAspect - ====开始执行class com.soft1851.article.service.impl.ArticleServiceImplupdateAppointToPublish======
2020-11-25 10:38:30.007 [scheduling-1] ERROR c.s.api.aspect.ServiceLogAspect - 当前执行耗时:0
2020-11-25 10:38:40.008 [scheduling-1] INFO  c.s.api.aspect.ServiceLogAspect - ====开始执行class com.soft1851.article.service.impl.ArticleServiceImplupdateAppointToPublish======
2020-11-25 10:38:40.009 [scheduling-1] ERROR c.s.api.aspect.ServiceLogAspect - 当前执行耗时:1
2020-11-25 10:38:50.002 [scheduling-1] INFO  c.s.api.aspect.ServiceLogAspect - ====开始执行class com.soft1851.article.service.impl.ArticleServiceImplupdateAppointToPublish======
2020-11-25 10:38:50.003 [scheduling-1] ERROR c.s.api.aspect.ServiceLogAspect - 当前执行耗时:1
2020-11-25 10:39:00.015 [scheduling-1] INFO  c.s.api.aspect.ServiceLogAspect - ====开始执行class com.soft1851.article.service.impl.ArticleServiceImplupdateAppointToPublish======
2020-11-25 10:39:00.018 [scheduling-1] ERROR c.s.api.aspect.ServiceLogAspect - 当前执行耗时:1
2020-11-25 10:39:10.010 [scheduling-1] INFO  c.s.api.aspect.ServiceLogAspect - ====开始执行class com.soft1851.article.service.impl.ArticleServiceImplupdateAppointToPublish======
2020-11-25 10:39:10.011 [scheduling-1] ERROR c.s.api.aspect.ServiceLogAspect - 当前执行耗时:1
2020-11-25 10:39:20.009 [scheduling-1] INFO  c.s.api.aspect.ServiceLogAspect - ====开始执行class com.soft1851.article.service.impl.ArticleServiceImplupdateAppointToPublish======
2020-11-25 10:39:20.011 [scheduling-1] ERROR c.s.api.aspect.ServiceLogAspect - 当前执行耗时:1
2020-11-25 10:39:30.017 [scheduling-1] INFO  c.s.api.aspect.ServiceLogAspect - ====开始执行class com.soft1851.article.service.impl.ArticleServiceImplupdateAppointToPublish======
2020-11-25 10:39:30.018 [scheduling-1] ERROR c.s.api.aspect.ServiceLogAspect - 当前执行耗时:1
2020-11-25 10:39:40.007 [scheduling-1] INFO  c.s.api.aspect.ServiceLogAspect - ====开始执行class com.soft1851.article.service.impl.ArticleServiceImplupdateAppointToPublish======
2020-11-25 10:39:40.007 [scheduling-1] ERROR c.s.api.aspect.ServiceLogAspect - 当前执行耗时:0
2020-11-25 10:39:50.010 [scheduling-1] INFO  c.s.api.aspect.ServiceLogAspect - ====开始执行class com.soft1851.article.service.impl.ArticleServiceImplupdateAppointToPublish======
2020-11-25 10:39:50.011 [scheduling-1] ERROR c.s.api.aspect.ServiceLogAspect - 当前执行耗时:1
2020-11-25 10:40:00.004 [scheduling-1] INFO  c.s.api.aspect.ServiceLogAspect - ====开始执行class com.soft1851.article.service.impl.ArticleServiceImplupdateAppointToPublish======
2020-11-25 10:40:00.005 [scheduling-1] ERROR c.s.api.aspect.ServiceLogAspect - 当前执行耗时:1
2020-11-25 10:40:10.010 [scheduling-1] INFO  c.s.api.aspect.ServiceLogAspect - ====开始执行class com.soft1851.article.service.impl.ArticleServiceImplupdateAppointToPublish======
2020-11-25 10:40:10.011 [scheduling-1] ERROR c.s.api.aspect.ServiceLogAspect - 当前执行耗时:1
2020-11-25 10:40:20.004 [scheduling-1] INFO  c.s.api.aspect.ServiceLogAspect - ====开始执行class com.soft1851.article.service.impl.ArticleServiceImplupdateAppointToPublish======
2020-11-25 10:40:20.005 [scheduling-1] ERROR c.s.api.aspect.ServiceLogAspect - 当前执行耗时:0
2020-11-25 10:40:30.011 [scheduling-1] INFO  c.s.api.aspect.ServiceLogAspect - ====开始执行class com.soft1851.article.service.impl.ArticleServiceImplupdateAppointToPublish======
2020-11-25 10:40:30.012 [scheduling-1] ERROR c.s.api.aspect.ServiceLogAspect - 当前执行耗时:1
2020-11-25 10:40:40.010 [scheduling-1] INFO  c.s.api.aspect.ServiceLogAspect - ====开始执行class com.soft1851.article.service.impl.ArticleServiceImplupdateAppointToPublish======
2020-11-25 10:40:40.011 [scheduling-1] ERROR c.s.api.aspect.ServiceLogAspect - 当前执行耗时:1
2020-11-25 10:40:50.002 [scheduling-1] INFO  c.s.api.aspect.ServiceLogAspect - ====开始执行class com.soft1851.article.service.impl.ArticleServiceImplupdateAppointToPublish======
2020-11-25 10:40:50.003 [scheduling-1] ERROR c.s.api.aspect.ServiceLogAspect - 当前执行耗时:1
2020-11-25 10:41:00.013 [scheduling-1] INFO  c.s.api.aspect.ServiceLogAspect - ====开始执行class com.soft1851.article.service.impl.ArticleServiceImplupdateAppointToPublish======
2020-11-25 10:41:00.015 [scheduling-1] ERROR c.s.api.aspect.ServiceLogAspect - 当前执行耗时:1
2020-11-25 10:41:10.014 [scheduling-1] INFO  c.s.api.aspect.ServiceLogAspect - ====开始执行class com.soft1851.article.service.impl.ArticleServiceImplupdateAppointToPublish======
2020-11-25 10:41:10.015 [scheduling-1] ERROR c.s.api.aspect.ServiceLogAspect - 当前执行耗时:1
2020-11-25 10:41:20.010 [scheduling-1] INFO  c.s.api.aspect.ServiceLogAspect - ====开始执行class com.soft1851.article.service.impl.ArticleServiceImplupdateAppointToPublish======
2020-11-25 10:41:20.012 [scheduling-1] ERROR c.s.api.aspect.ServiceLogAspect - 当前执行耗时:0
2020-11-25 10:41:30.003 [scheduling-1] INFO  c.s.api.aspect.ServiceLogAspect - ====开始执行class com.soft1851.article.service.impl.ArticleServiceImplupdateAppointToPublish======
2020-11-25 10:41:30.005 [scheduling-1] ERROR c.s.api.aspect.ServiceLogAspect - 当前执行耗时:2
2020-11-25 10:41:40.002 [scheduling-1] INFO  c.s.api.aspect.ServiceLogAspect - ====开始执行class com.soft1851.article.service.impl.ArticleServiceImplupdateAppointToPublish======
2020-11-25 10:41:40.004 [scheduling-1] ERROR c.s.api.aspect.ServiceLogAspect - 当前执行耗时:2
2020-11-25 10:41:50.004 [scheduling-1] INFO  c.s.api.aspect.ServiceLogAspect - ====开始执行class com.soft1851.article.service.impl.ArticleServiceImplupdateAppointToPublish======
2020-11-25 10:41:50.006 [scheduling-1] ERROR c.s.api.aspect.ServiceLogAspect - 当前执行耗时:1
2020-11-25 10:42:00.007 [scheduling-1] INFO  c.s.api.aspect.ServiceLogAspect - ====开始执行class com.soft1851.article.service.impl.ArticleServiceImplupdateAppointToPublish======
2020-11-25 10:42:00.009 [scheduling-1] ERROR c.s.api.aspect.ServiceLogAspect - 当前执行耗时:2
2020-11-25 10:42:10.014 [scheduling-1] INFO  c.s.api.aspect.ServiceLogAspect - ====开始执行class com.soft1851.article.service.impl.ArticleServiceImplupdateAppointToPublish======
2020-11-25 10:42:10.015 [scheduling-1] ERROR c.s.api.aspect.ServiceLogAspect - 当前执行耗时:1
2020-11-25 10:42:20.009 [scheduling-1] INFO  c.s.api.aspect.ServiceLogAspect - ====开始执行class com.soft1851.article.service.impl.ArticleServiceImplupdateAppointToPublish======
2020-11-25 10:42:20.010 [scheduling-1] ERROR c.s.api.aspect.ServiceLogAspect - 当前执行耗时:1
2020-11-25 10:42:30.009 [scheduling-1] INFO  c.s.api.aspect.ServiceLogAspect - ====开始执行class com.soft1851.article.service.impl.ArticleServiceImplupdateAppointToPublish======
2020-11-25 10:42:30.010 [scheduling-1] ERROR c.s.api.aspect.ServiceLogAspect - 当前执行耗时:1
2020-11-25 10:42:40.007 [scheduling-1] INFO  c.s.api.aspect.ServiceLogAspect - ====开始执行class com.soft1851.article.service.impl.ArticleServiceImplupdateAppointToPublish======
2020-11-25 10:42:40.009 [scheduling-1] ERROR c.s.api.aspect.ServiceLogAspect - 当前执行耗时:2
2020-11-25 10:42:50.012 [scheduling-1] INFO  c.s.api.aspect.ServiceLogAspect - ====开始执行class com.soft1851.article.service.impl.ArticleServiceImplupdateAppointToPublish======
2020-11-25 10:42:50.016 [scheduling-1] ERROR c.s.api.aspect.ServiceLogAspect - 当前执行耗时:3
2020-11-25 10:43:00.008 [scheduling-1] INFO  c.s.api.aspect.ServiceLogAspect - ====开始执行class com.soft1851.article.service.impl.ArticleServiceImplupdateAppointToPublish======
2020-11-25 10:43:00.009 [scheduling-1] ERROR c.s.api.aspect.ServiceLogAspect - 当前执行耗时:1
2020-11-25 10:43:10.010 [scheduling-1] INFO  c.s.api.aspect.ServiceLogAspect - ====开始执行class com.soft1851.article.service.impl.ArticleServiceImplupdateAppointToPublish======
2020-11-25 10:43:10.011 [scheduling-1] ERROR c.s.api.aspect.ServiceLogAspect - 当前执行耗时:1
2020-11-25 10:43:20.012 [scheduling-1] INFO  c.s.api.aspect.ServiceLogAspect - ====开始执行class com.soft1851.article.service.impl.ArticleServiceImplupdateAppointToPublish======
2020-11-25 10:43:20.013 [scheduling-1] ERROR c.s.api.aspect.ServiceLogAspect - 当前执行耗时:1
2020-11-25 10:43:30.015 [scheduling-1] INFO  c.s.api.aspect.ServiceLogAspect - ====开始执行class com.soft1851.article.service.impl.ArticleServiceImplupdateAppointToPublish======
2020-11-25 10:43:30.016 [scheduling-1] ERROR c.s.api.aspect.ServiceLogAspect - 当前执行耗时:1
2020-11-25 10:43:40.002 [scheduling-1] INFO  c.s.api.aspect.ServiceLogAspect - ====开始执行class com.soft1851.article.service.impl.ArticleServiceImplupdateAppointToPublish======
2020-11-25 10:43:40.003 [scheduling-1] ERROR c.s.api.aspect.ServiceLogAspect - 当前执行耗时:1
2020-11-25 10:43:50.016 [scheduling-1] INFO  c.s.api.aspect.ServiceLogAspect - ====开始执行class com.soft1851.article.service.impl.ArticleServiceImplupdateAppointToPublish======
2020-11-25 10:43:50.016 [scheduling-1] ERROR c.s.api.aspect.ServiceLogAspect - 当前执行耗时:0
2020-11-25 10:44:00.004 [scheduling-1] INFO  c.s.api.aspect.ServiceLogAspect - ====开始执行class com.soft1851.article.service.impl.ArticleServiceImplupdateAppointToPublish======
2020-11-25 10:44:00.005 [scheduling-1] ERROR c.s.api.aspect.ServiceLogAspect - 当前执行耗时:1
2020-11-25 10:44:10.015 [scheduling-1] INFO  c.s.api.aspect.ServiceLogAspect - ====开始执行class com.soft1851.article.service.impl.ArticleServiceImplupdateAppointToPublish======
2020-11-25 10:44:10.016 [scheduling-1] ERROR c.s.api.aspect.ServiceLogAspect - 当前执行耗时:1
2020-11-25 10:44:20.010 [scheduling-1] INFO  c.s.api.aspect.ServiceLogAspect - ====开始执行class com.soft1851.article.service.impl.ArticleServiceImplupdateAppointToPublish======
2020-11-25 10:44:20.011 [scheduling-1] ERROR c.s.api.aspect.ServiceLogAspect - 当前执行耗时:0
2020-11-25 10:44:30.011 [scheduling-1] INFO  c.s.api.aspect.ServiceLogAspect - ====开始执行class com.soft1851.article.service.impl.ArticleServiceImplupdateAppointToPublish======
2020-11-25 10:44:30.012 [scheduling-1] ERROR c.s.api.aspect.ServiceLogAspect - 当前执行耗时:0
2020-11-25 10:44:40.007 [scheduling-1] INFO  c.s.api.aspect.ServiceLogAspect - ====开始执行class com.soft1851.article.service.impl.ArticleServiceImplupdateAppointToPublish======
2020-11-25 10:44:40.008 [scheduling-1] ERROR c.s.api.aspect.ServiceLogAspect - 当前执行耗时:1
2020-11-25 10:44:50.014 [scheduling-1] INFO  c.s.api.aspect.ServiceLogAspect - ====开始执行class com.soft1851.article.service.impl.ArticleServiceImplupdateAppointToPublish======
2020-11-25 10:44:50.016 [scheduling-1] ERROR c.s.api.aspect.ServiceLogAspect - 当前执行耗时:1
2020-11-25 10:45:00.004 [scheduling-1] INFO  c.s.api.aspect.ServiceLogAspect - ====开始执行class com.soft1851.article.service.impl.ArticleServiceImplupdateAppointToPublish======
2020-11-25 10:45:00.005 [scheduling-1] ERROR c.s.api.aspect.ServiceLogAspect - 当前执行耗时:1
2020-11-25 10:45:10.005 [scheduling-1] INFO  c.s.api.aspect.ServiceLogAspect - ====开始执行class com.soft1851.article.service.impl.ArticleServiceImplupdateAppointToPublish======
2020-11-25 10:45:10.006 [scheduling-1] ERROR c.s.api.aspect.ServiceLogAspect - 当前执行耗时:1
2020-11-25 10:45:20.014 [scheduling-1] INFO  c.s.api.aspect.ServiceLogAspect - ====开始执行class com.soft1851.article.service.impl.ArticleServiceImplupdateAppointToPublish======
2020-11-25 10:45:20.016 [scheduling-1] ERROR c.s.api.aspect.ServiceLogAspect - 当前执行耗时:2
2020-11-25 10:45:30.012 [scheduling-1] INFO  c.s.api.aspect.ServiceLogAspect - ====开始执行class com.soft1851.article.service.impl.ArticleServiceImplupdateAppointToPublish======
2020-11-25 10:45:30.013 [scheduling-1] ERROR c.s.api.aspect.ServiceLogAspect - 当前执行耗时:1
2020-11-25 10:45:40.006 [scheduling-1] INFO  c.s.api.aspect.ServiceLogAspect - ====开始执行class com.soft1851.article.service.impl.ArticleServiceImplupdateAppointToPublish======
2020-11-25 10:45:40.006 [scheduling-1] ERROR c.s.api.aspect.ServiceLogAspect - 当前执行耗时:0
2020-11-25 10:45:50.017 [scheduling-1] INFO  c.s.api.aspect.ServiceLogAspect - ====开始执行class com.soft1851.article.service.impl.ArticleServiceImplupdateAppointToPublish======
2020-11-25 10:45:50.021 [scheduling-1] ERROR c.s.api.aspect.ServiceLogAspect - 当前执行耗时:3
2020-11-25 10:46:00.015 [scheduling-1] INFO  c.s.api.aspect.ServiceLogAspect - ====开始执行class com.soft1851.article.service.impl.ArticleServiceImplupdateAppointToPublish======
2020-11-25 10:46:00.016 [scheduling-1] ERROR c.s.api.aspect.ServiceLogAspect - 当前执行耗时:1
2020-11-25 10:46:10.017 [scheduling-1] INFO  c.s.api.aspect.ServiceLogAspect - ====开始执行class com.soft1851.article.service.impl.ArticleServiceImplupdateAppointToPublish======
2020-11-25 10:46:10.020 [scheduling-1] ERROR c.s.api.aspect.ServiceLogAspect - 当前执行耗时:2
2020-11-25 10:46:20.014 [scheduling-1] INFO  c.s.api.aspect.ServiceLogAspect - ====开始执行class com.soft1851.article.service.impl.ArticleServiceImplupdateAppointToPublish======
2020-11-25 10:46:20.015 [scheduling-1] ERROR c.s.api.aspect.ServiceLogAspect - 当前执行耗时:1
2020-11-25 10:46:30.003 [scheduling-1] INFO  c.s.api.aspect.ServiceLogAspect - ====开始执行class com.soft1851.article.service.impl.ArticleServiceImplupdateAppointToPublish======
2020-11-25 10:46:30.004 [scheduling-1] ERROR c.s.api.aspect.ServiceLogAspect - 当前执行耗时:1
2020-11-25 10:46:40.004 [scheduling-1] INFO  c.s.api.aspect.ServiceLogAspect - ====开始执行class com.soft1851.article.service.impl.ArticleServiceImplupdateAppointToPublish======
2020-11-25 10:46:40.005 [scheduling-1] ERROR c.s.api.aspect.ServiceLogAspect - 当前执行耗时:1
2020-11-25 10:46:50.014 [scheduling-1] INFO  c.s.api.aspect.ServiceLogAspect - ====开始执行class com.soft1851.article.service.impl.ArticleServiceImplupdateAppointToPublish======
2020-11-25 10:46:50.015 [scheduling-1] ERROR c.s.api.aspect.ServiceLogAspect - 当前执行耗时:1
2020-11-25 10:47:00.015 [scheduling-1] INFO  c.s.api.aspect.ServiceLogAspect - ====开始执行class com.soft1851.article.service.impl.ArticleServiceImplupdateAppointToPublish======
2020-11-25 10:47:00.017 [scheduling-1] ERROR c.s.api.aspect.ServiceLogAspect - 当前执行耗时:2
2020-11-25 10:47:10.004 [scheduling-1] INFO  c.s.api.aspect.ServiceLogAspect - ====开始执行class com.soft1851.article.service.impl.ArticleServiceImplupdateAppointToPublish======
2020-11-25 10:47:10.005 [scheduling-1] ERROR c.s.api.aspect.ServiceLogAspect - 当前执行耗时:1
2020-11-25 10:47:20.012 [scheduling-1] INFO  c.s.api.aspect.ServiceLogAspect - ====开始执行class com.soft1851.article.service.impl.ArticleServiceImplupdateAppointToPublish======
2020-11-25 10:47:20.013 [scheduling-1] ERROR c.s.api.aspect.ServiceLogAspect - 当前执行耗时:1
2020-11-25 10:47:30.004 [scheduling-1] INFO  c.s.api.aspect.ServiceLogAspect - ====开始执行class com.soft1851.article.service.impl.ArticleServiceImplupdateAppointToPublish======
2020-11-25 10:47:30.005 [scheduling-1] ERROR c.s.api.aspect.ServiceLogAspect - 当前执行耗时:0
2020-11-25 10:47:40.002 [scheduling-1] INFO  c.s.api.aspect.ServiceLogAspect - ====开始执行class com.soft1851.article.service.impl.ArticleServiceImplupdateAppointToPublish======
2020-11-25 10:47:40.002 [scheduling-1] ERROR c.s.api.aspect.ServiceLogAspect - 当前执行耗时:0
2020-11-25 10:47:50.009 [scheduling-1] INFO  c.s.api.aspect.ServiceLogAspect - ====开始执行class com.soft1851.article.service.impl.ArticleServiceImplupdateAppointToPublish======
2020-11-25 10:47:50.010 [scheduling-1] ERROR c.s.api.aspect.ServiceLogAspect - 当前执行耗时:1
2020-11-25 10:48:00.010 [scheduling-1] INFO  c.s.api.aspect.ServiceLogAspect - ====开始执行class com.soft1851.article.service.impl.ArticleServiceImplupdateAppointToPublish======
2020-11-25 10:48:00.011 [scheduling-1] ERROR c.s.api.aspect.ServiceLogAspect - 当前执行耗时:1
2020-11-25 10:48:10.012 [scheduling-1] INFO  c.s.api.aspect.ServiceLogAspect - ====开始执行class com.soft1851.article.service.impl.ArticleServiceImplupdateAppointToPublish======
2020-11-25 10:48:10.013 [scheduling-1] ERROR c.s.api.aspect.ServiceLogAspect - 当前执行耗时:1
2020-11-25 10:48:20.016 [scheduling-1] INFO  c.s.api.aspect.ServiceLogAspect - ====开始执行class com.soft1851.article.service.impl.ArticleServiceImplupdateAppointToPublish======
2020-11-25 10:48:20.018 [scheduling-1] ERROR c.s.api.aspect.ServiceLogAspect - 当前执行耗时:2
2020-11-25 10:48:30.008 [scheduling-1] INFO  c.s.api.aspect.ServiceLogAspect - ====开始执行class com.soft1851.article.service.impl.ArticleServiceImplupdateAppointToPublish======
2020-11-25 10:48:30.009 [scheduling-1] ERROR c.s.api.aspect.ServiceLogAspect - 当前执行耗时:1
2020-11-25 10:48:40.007 [scheduling-1] INFO  c.s.api.aspect.ServiceLogAspect - ====开始执行class com.soft1851.article.service.impl.ArticleServiceImplupdateAppointToPublish======
2020-11-25 10:48:40.008 [scheduling-1] ERROR c.s.api.aspect.ServiceLogAspect - 当前执行耗时:1
2020-11-25 10:48:50.007 [scheduling-1] INFO  c.s.api.aspect.ServiceLogAspect - ====开始执行class com.soft1851.article.service.impl.ArticleServiceImplupdateAppointToPublish======
2020-11-25 10:48:50.008 [scheduling-1] ERROR c.s.api.aspect.ServiceLogAspect - 当前执行耗时:0
2020-11-25 10:49:00.016 [scheduling-1] INFO  c.s.api.aspect.ServiceLogAspect - ====开始执行class com.soft1851.article.service.impl.ArticleServiceImplupdateAppointToPublish======
2020-11-25 10:49:00.017 [scheduling-1] ERROR c.s.api.aspect.ServiceLogAspect - 当前执行耗时:1
2020-11-25 10:49:10.001 [scheduling-1] INFO  c.s.api.aspect.ServiceLogAspect - ====开始执行class com.soft1851.article.service.impl.ArticleServiceImplupdateAppointToPublish======
2020-11-25 10:49:10.002 [scheduling-1] ERROR c.s.api.aspect.ServiceLogAspect - 当前执行耗时:1
2020-11-25 10:49:20.005 [scheduling-1] INFO  c.s.api.aspect.ServiceLogAspect - ====开始执行class com.soft1851.article.service.impl.ArticleServiceImplupdateAppointToPublish======
2020-11-25 10:49:20.006 [scheduling-1] ERROR c.s.api.aspect.ServiceLogAspect - 当前执行耗时:1
2020-11-25 10:49:30.005 [scheduling-1] INFO  c.s.api.aspect.ServiceLogAspect - ====开始执行class com.soft1851.article.service.impl.ArticleServiceImplupdateAppointToPublish======
2020-11-25 10:49:30.006 [scheduling-1] ERROR c.s.api.aspect.ServiceLogAspect - 当前执行耗时:1
2020-11-25 10:49:40.002 [scheduling-1] INFO  c.s.api.aspect.ServiceLogAspect - ====开始执行class com.soft1851.article.service.impl.ArticleServiceImplupdateAppointToPublish======
2020-11-25 10:49:40.003 [scheduling-1] ERROR c.s.api.aspect.ServiceLogAspect - 当前执行耗时:1
2020-11-25 10:49:50.010 [scheduling-1] INFO  c.s.api.aspect.ServiceLogAspect - ====开始执行class com.soft1851.article.service.impl.ArticleServiceImplupdateAppointToPublish======
2020-11-25 10:49:50.011 [scheduling-1] ERROR c.s.api.aspect.ServiceLogAspect - 当前执行耗时:1
2020-11-25 10:50:00.011 [scheduling-1] INFO  c.s.api.aspect.ServiceLogAspect - ====开始执行class com.soft1851.article.service.impl.ArticleServiceImplupdateAppointToPublish======
2020-11-25 10:50:00.013 [scheduling-1] ERROR c.s.api.aspect.ServiceLogAspect - 当前执行耗时:2
2020-11-25 10:50:10.010 [scheduling-1] INFO  c.s.api.aspect.ServiceLogAspect - ====开始执行class com.soft1851.article.service.impl.ArticleServiceImplupdateAppointToPublish======
2020-11-25 10:50:10.012 [scheduling-1] ERROR c.s.api.aspect.ServiceLogAspect - 当前执行耗时:1
2020-11-25 10:50:20.002 [scheduling-1] INFO  c.s.api.aspect.ServiceLogAspect - ====开始执行class com.soft1851.article.service.impl.ArticleServiceImplupdateAppointToPublish======
2020-11-25 10:50:20.003 [scheduling-1] ERROR c.s.api.aspect.ServiceLogAspect - 当前执行耗时:1
2020-11-25 10:50:30.017 [scheduling-1] INFO  c.s.api.aspect.ServiceLogAspect - ====开始执行class com.soft1851.article.service.impl.ArticleServiceImplupdateAppointToPublish======
2020-11-25 10:50:30.019 [scheduling-1] ERROR c.s.api.aspect.ServiceLogAspect - 当前执行耗时:2
2020-11-25 10:50:40.016 [scheduling-1] INFO  c.s.api.aspect.ServiceLogAspect - ====开始执行class com.soft1851.article.service.impl.ArticleServiceImplupdateAppointToPublish======
2020-11-25 10:50:40.017 [scheduling-1] ERROR c.s.api.aspect.ServiceLogAspect - 当前执行耗时:1
2020-11-25 10:50:43.823 [http-nio-8001-exec-2] INFO  c.s.api.aspect.ServiceLogAspect - ====开始执行class com.soft1851.article.service.impl.ArticleServiceImplcreateArticle======
2020-11-25 10:50:43.863 [http-nio-8001-exec-2] ERROR c.s.api.aspect.ServiceLogAspect - 当前执行耗时:39
2020-11-25 10:50:50.013 [scheduling-1] INFO  c.s.api.aspect.ServiceLogAspect - ====开始执行class com.soft1851.article.service.impl.ArticleServiceImplupdateAppointToPublish======
2020-11-25 10:50:50.014 [scheduling-1] ERROR c.s.api.aspect.ServiceLogAspect - 当前执行耗时:1
2020-11-25 10:51:00.005 [scheduling-1] INFO  c.s.api.aspect.ServiceLogAspect - ====开始执行class com.soft1851.article.service.impl.ArticleServiceImplupdateAppointToPublish======
2020-11-25 10:51:00.006 [scheduling-1] ERROR c.s.api.aspect.ServiceLogAspect - 当前执行耗时:1
2020-11-25 10:51:10.005 [scheduling-1] INFO  c.s.api.aspect.ServiceLogAspect - ====开始执行class com.soft1851.article.service.impl.ArticleServiceImplupdateAppointToPublish======
2020-11-25 10:51:10.006 [scheduling-1] ERROR c.s.api.aspect.ServiceLogAspect - 当前执行耗时:1
2020-11-25 10:51:20.010 [scheduling-1] INFO  c.s.api.aspect.ServiceLogAspect - ====开始执行class com.soft1851.article.service.impl.ArticleServiceImplupdateAppointToPublish======
2020-11-25 10:51:20.011 [scheduling-1] ERROR c.s.api.aspect.ServiceLogAspect - 当前执行耗时:1
2020-11-25 10:51:30.016 [scheduling-1] INFO  c.s.api.aspect.ServiceLogAspect - ====开始执行class com.soft1851.article.service.impl.ArticleServiceImplupdateAppointToPublish======
2020-11-25 10:51:30.017 [scheduling-1] ERROR c.s.api.aspect.ServiceLogAspect - 当前执行耗时:1
2020-11-25 10:51:40.009 [scheduling-1] INFO  c.s.api.aspect.ServiceLogAspect - ====开始执行class com.soft1851.article.service.impl.ArticleServiceImplupdateAppointToPublish======
2020-11-25 10:51:40.010 [scheduling-1] ERROR c.s.api.aspect.ServiceLogAspect - 当前执行耗时:1
2020-11-25 10:51:50.012 [scheduling-1] INFO  c.s.api.aspect.ServiceLogAspect - ====开始执行class com.soft1851.article.service.impl.ArticleServiceImplupdateAppointToPublish======
2020-11-25 10:51:50.013 [scheduling-1] ERROR c.s.api.aspect.ServiceLogAspect - 当前执行耗时:1
2020-11-25 10:52:00.009 [scheduling-1] INFO  c.s.api.aspect.ServiceLogAspect - ====开始执行class com.soft1851.article.service.impl.ArticleServiceImplupdateAppointToPublish======
2020-11-25 10:52:00.010 [scheduling-1] ERROR c.s.api.aspect.ServiceLogAspect - 当前执行耗时:1
2020-11-25 10:52:10.006 [scheduling-1] INFO  c.s.api.aspect.ServiceLogAspect - ====开始执行class com.soft1851.article.service.impl.ArticleServiceImplupdateAppointToPublish======
2020-11-25 10:52:10.010 [scheduling-1] ERROR c.s.api.aspect.ServiceLogAspect - 当前执行耗时:4
2020-11-25 10:52:20.004 [scheduling-1] INFO  c.s.api.aspect.ServiceLogAspect - ====开始执行class com.soft1851.article.service.impl.ArticleServiceImplupdateAppointToPublish======
2020-11-25 10:52:20.005 [scheduling-1] ERROR c.s.api.aspect.ServiceLogAspect - 当前执行耗时:0
2020-11-25 10:52:30.015 [scheduling-1] INFO  c.s.api.aspect.ServiceLogAspect - ====开始执行class com.soft1851.article.service.impl.ArticleServiceImplupdateAppointToPublish======
2020-11-25 10:52:30.016 [scheduling-1] ERROR c.s.api.aspect.ServiceLogAspect - 当前执行耗时:0
2020-11-25 10:52:40.006 [scheduling-1] INFO  c.s.api.aspect.ServiceLogAspect - ====开始执行class com.soft1851.article.service.impl.ArticleServiceImplupdateAppointToPublish======
2020-11-25 10:52:40.010 [scheduling-1] ERROR c.s.api.aspect.ServiceLogAspect - 当前执行耗时:4
2020-11-25 10:52:50.011 [scheduling-1] INFO  c.s.api.aspect.ServiceLogAspect - ====开始执行class com.soft1851.article.service.impl.ArticleServiceImplupdateAppointToPublish======
2020-11-25 10:52:50.013 [scheduling-1] ERROR c.s.api.aspect.ServiceLogAspect - 当前执行耗时:2
2020-11-25 10:53:00.011 [scheduling-1] INFO  c.s.api.aspect.ServiceLogAspect - ====开始执行class com.soft1851.article.service.impl.ArticleServiceImplupdateAppointToPublish======
2020-11-25 10:53:00.012 [scheduling-1] ERROR c.s.api.aspect.ServiceLogAspect - 当前执行耗时:1
2020-11-25 10:53:10.010 [scheduling-1] INFO  c.s.api.aspect.ServiceLogAspect - ====开始执行class com.soft1851.article.service.impl.ArticleServiceImplupdateAppointToPublish======
2020-11-25 10:53:10.011 [scheduling-1] ERROR c.s.api.aspect.ServiceLogAspect - 当前执行耗时:1
2020-11-25 10:53:20.012 [scheduling-1] INFO  c.s.api.aspect.ServiceLogAspect - ====开始执行class com.soft1851.article.service.impl.ArticleServiceImplupdateAppointToPublish======
2020-11-25 10:53:20.013 [scheduling-1] ERROR c.s.api.aspect.ServiceLogAspect - 当前执行耗时:1
2020-11-25 10:53:30.003 [scheduling-1] INFO  c.s.api.aspect.ServiceLogAspect - ====开始执行class com.soft1851.article.service.impl.ArticleServiceImplupdateAppointToPublish======
2020-11-25 10:53:30.004 [scheduling-1] ERROR c.s.api.aspect.ServiceLogAspect - 当前执行耗时:1
2020-11-25 10:53:40.012 [scheduling-1] INFO  c.s.api.aspect.ServiceLogAspect - ====开始执行class com.soft1851.article.service.impl.ArticleServiceImplupdateAppointToPublish======
2020-11-25 10:53:40.013 [scheduling-1] ERROR c.s.api.aspect.ServiceLogAspect - 当前执行耗时:0
2020-11-25 10:53:50.003 [scheduling-1] INFO  c.s.api.aspect.ServiceLogAspect - ====开始执行class com.soft1851.article.service.impl.ArticleServiceImplupdateAppointToPublish======
2020-11-25 10:53:50.003 [scheduling-1] ERROR c.s.api.aspect.ServiceLogAspect - 当前执行耗时:0
2020-11-25 10:54:00.006 [scheduling-1] INFO  c.s.api.aspect.ServiceLogAspect - ====开始执行class com.soft1851.article.service.impl.ArticleServiceImplupdateAppointToPublish======
2020-11-25 10:54:00.007 [scheduling-1] ERROR c.s.api.aspect.ServiceLogAspect - 当前执行耗时:1
2020-11-25 10:54:10.005 [scheduling-1] INFO  c.s.api.aspect.ServiceLogAspect - ====开始执行class com.soft1851.article.service.impl.ArticleServiceImplupdateAppointToPublish======
2020-11-25 10:54:10.006 [scheduling-1] ERROR c.s.api.aspect.ServiceLogAspect - 当前执行耗时:1
2020-11-25 10:54:20.015 [scheduling-1] INFO  c.s.api.aspect.ServiceLogAspect - ====开始执行class com.soft1851.article.service.impl.ArticleServiceImplupdateAppointToPublish======
2020-11-25 10:54:20.016 [scheduling-1] ERROR c.s.api.aspect.ServiceLogAspect - 当前执行耗时:1
2020-11-25 10:54:30.008 [scheduling-1] INFO  c.s.api.aspect.ServiceLogAspect - ====开始执行class com.soft1851.article.service.impl.ArticleServiceImplupdateAppointToPublish======
2020-11-25 10:54:30.009 [scheduling-1] ERROR c.s.api.aspect.ServiceLogAspect - 当前执行耗时:1
2020-11-25 10:54:40.011 [scheduling-1] INFO  c.s.api.aspect.ServiceLogAspect - ====开始执行class com.soft1851.article.service.impl.ArticleServiceImplupdateAppointToPublish======
2020-11-25 10:54:40.012 [scheduling-1] ERROR c.s.api.aspect.ServiceLogAspect - 当前执行耗时:1
2020-11-25 10:54:50.017 [scheduling-1] INFO  c.s.api.aspect.ServiceLogAspect - ====开始执行class com.soft1851.article.service.impl.ArticleServiceImplupdateAppointToPublish======
2020-11-25 10:54:50.018 [scheduling-1] ERROR c.s.api.aspect.ServiceLogAspect - 当前执行耗时:0
2020-11-25 10:55:00.007 [scheduling-1] INFO  c.s.api.aspect.ServiceLogAspect - ====开始执行class com.soft1851.article.service.impl.ArticleServiceImplupdateAppointToPublish======
2020-11-25 10:55:00.009 [scheduling-1] ERROR c.s.api.aspect.ServiceLogAspect - 当前执行耗时:2
2020-11-25 10:55:10.008 [scheduling-1] INFO  c.s.api.aspect.ServiceLogAspect - ====开始执行class com.soft1851.article.service.impl.ArticleServiceImplupdateAppointToPublish======
2020-11-25 10:55:10.009 [scheduling-1] ERROR c.s.api.aspect.ServiceLogAspect - 当前执行耗时:1
2020-11-25 10:55:20.014 [scheduling-1] INFO  c.s.api.aspect.ServiceLogAspect - ====开始执行class com.soft1851.article.service.impl.ArticleServiceImplupdateAppointToPublish======
2020-11-25 10:55:20.015 [scheduling-1] ERROR c.s.api.aspect.ServiceLogAspect - 当前执行耗时:1
2020-11-25 10:55:30.012 [scheduling-1] INFO  c.s.api.aspect.ServiceLogAspect - ====开始执行class com.soft1851.article.service.impl.ArticleServiceImplupdateAppointToPublish======
2020-11-25 10:55:30.013 [scheduling-1] ERROR c.s.api.aspect.ServiceLogAspect - 当前执行耗时:1
2020-11-25 10:55:40.005 [scheduling-1] INFO  c.s.api.aspect.ServiceLogAspect - ====开始执行class com.soft1851.article.service.impl.ArticleServiceImplupdateAppointToPublish======
2020-11-25 10:55:40.006 [scheduling-1] ERROR c.s.api.aspect.ServiceLogAspect - 当前执行耗时:1
2020-11-25 10:55:50.004 [scheduling-1] INFO  c.s.api.aspect.ServiceLogAspect - ====开始执行class com.soft1851.article.service.impl.ArticleServiceImplupdateAppointToPublish======
2020-11-25 10:55:50.004 [scheduling-1] ERROR c.s.api.aspect.ServiceLogAspect - 当前执行耗时:0
2020-11-25 10:56:00.017 [scheduling-1] INFO  c.s.api.aspect.ServiceLogAspect - ====开始执行class com.soft1851.article.service.impl.ArticleServiceImplupdateAppointToPublish======
2020-11-25 10:56:00.020 [scheduling-1] ERROR c.s.api.aspect.ServiceLogAspect - 当前执行耗时:3
2020-11-25 10:56:10.012 [scheduling-1] INFO  c.s.api.aspect.ServiceLogAspect - ====开始执行class com.soft1851.article.service.impl.ArticleServiceImplupdateAppointToPublish======
2020-11-25 10:56:10.013 [scheduling-1] ERROR c.s.api.aspect.ServiceLogAspect - 当前执行耗时:1
2020-11-25 10:56:20.014 [scheduling-1] INFO  c.s.api.aspect.ServiceLogAspect - ====开始执行class com.soft1851.article.service.impl.ArticleServiceImplupdateAppointToPublish======
2020-11-25 10:56:20.015 [scheduling-1] ERROR c.s.api.aspect.ServiceLogAspect - 当前执行耗时:0
2020-11-25 10:56:30.004 [scheduling-1] INFO  c.s.api.aspect.ServiceLogAspect - ====开始执行class com.soft1851.article.service.impl.ArticleServiceImplupdateAppointToPublish======
2020-11-25 10:56:30.005 [scheduling-1] ERROR c.s.api.aspect.ServiceLogAspect - 当前执行耗时:1
2020-11-25 10:56:40.005 [scheduling-1] INFO  c.s.api.aspect.ServiceLogAspect - ====开始执行class com.soft1851.article.service.impl.ArticleServiceImplupdateAppointToPublish======
2020-11-25 10:56:40.007 [scheduling-1] ERROR c.s.api.aspect.ServiceLogAspect - 当前执行耗时:2
2020-11-25 10:56:50.003 [scheduling-1] INFO  c.s.api.aspect.ServiceLogAspect - ====开始执行class com.soft1851.article.service.impl.ArticleServiceImplupdateAppointToPublish======
2020-11-25 10:56:50.004 [scheduling-1] ERROR c.s.api.aspect.ServiceLogAspect - 当前执行耗时:1
2020-11-25 10:57:00.013 [scheduling-1] INFO  c.s.api.aspect.ServiceLogAspect - ====开始执行class com.soft1851.article.service.impl.ArticleServiceImplupdateAppointToPublish======
2020-11-25 10:57:00.014 [scheduling-1] ERROR c.s.api.aspect.ServiceLogAspect - 当前执行耗时:1
2020-11-25 10:57:10.011 [scheduling-1] INFO  c.s.api.aspect.ServiceLogAspect - ====开始执行class com.soft1851.article.service.impl.ArticleServiceImplupdateAppointToPublish======
2020-11-25 10:57:10.012 [scheduling-1] ERROR c.s.api.aspect.ServiceLogAspect - 当前执行耗时:0
2020-11-25 10:57:20.004 [scheduling-1] INFO  c.s.api.aspect.ServiceLogAspect - ====开始执行class com.soft1851.article.service.impl.ArticleServiceImplupdateAppointToPublish======
2020-11-25 10:57:20.005 [scheduling-1] ERROR c.s.api.aspect.ServiceLogAspect - 当前执行耗时:1
2020-11-25 10:57:30.010 [scheduling-1] INFO  c.s.api.aspect.ServiceLogAspect - ====开始执行class com.soft1851.article.service.impl.ArticleServiceImplupdateAppointToPublish======
2020-11-25 10:57:30.011 [scheduling-1] ERROR c.s.api.aspect.ServiceLogAspect - 当前执行耗时:1
2020-11-25 10:57:40.011 [scheduling-1] INFO  c.s.api.aspect.ServiceLogAspect - ====开始执行class com.soft1851.article.service.impl.ArticleServiceImplupdateAppointToPublish======
2020-11-25 10:57:40.012 [scheduling-1] ERROR c.s.api.aspect.ServiceLogAspect - 当前执行耗时:1
2020-11-25 10:57:50.006 [scheduling-1] INFO  c.s.api.aspect.ServiceLogAspect - ====开始执行class com.soft1851.article.service.impl.ArticleServiceImplupdateAppointToPublish======
2020-11-25 10:57:50.007 [scheduling-1] ERROR c.s.api.aspect.ServiceLogAspect - 当前执行耗时:1
2020-11-25 10:58:00.005 [scheduling-1] INFO  c.s.api.aspect.ServiceLogAspect - ====开始执行class com.soft1851.article.service.impl.ArticleServiceImplupdateAppointToPublish======
2020-11-25 10:58:00.006 [scheduling-1] ERROR c.s.api.aspect.ServiceLogAspect - 当前执行耗时:1
2020-11-25 10:58:10.010 [scheduling-1] INFO  c.s.api.aspect.ServiceLogAspect - ====开始执行class com.soft1851.article.service.impl.ArticleServiceImplupdateAppointToPublish======
2020-11-25 10:58:10.012 [scheduling-1] ERROR c.s.api.aspect.ServiceLogAspect - 当前执行耗时:0
2020-11-25 10:58:20.005 [scheduling-1] INFO  c.s.api.aspect.ServiceLogAspect - ====开始执行class com.soft1851.article.service.impl.ArticleServiceImplupdateAppointToPublish======
2020-11-25 10:58:20.006 [scheduling-1] ERROR c.s.api.aspect.ServiceLogAspect - 当前执行耗时:0
2020-11-25 10:58:30.014 [scheduling-1] INFO  c.s.api.aspect.ServiceLogAspect - ====开始执行class com.soft1851.article.service.impl.ArticleServiceImplupdateAppointToPublish======
2020-11-25 10:58:30.015 [scheduling-1] ERROR c.s.api.aspect.ServiceLogAspect - 当前执行耗时:1
2020-11-25 10:58:40.001 [scheduling-1] INFO  c.s.api.aspect.ServiceLogAspect - ====开始执行class com.soft1851.article.service.impl.ArticleServiceImplupdateAppointToPublish======
2020-11-25 10:58:40.003 [scheduling-1] ERROR c.s.api.aspect.ServiceLogAspect - 当前执行耗时:1
2020-11-25 10:58:50.003 [scheduling-1] INFO  c.s.api.aspect.ServiceLogAspect - ====开始执行class com.soft1851.article.service.impl.ArticleServiceImplupdateAppointToPublish======
2020-11-25 10:58:50.003 [scheduling-1] ERROR c.s.api.aspect.ServiceLogAspect - 当前执行耗时:0
2020-11-25 10:59:00.008 [scheduling-1] INFO  c.s.api.aspect.ServiceLogAspect - ====开始执行class com.soft1851.article.service.impl.ArticleServiceImplupdateAppointToPublish======
2020-11-25 10:59:00.009 [scheduling-1] ERROR c.s.api.aspect.ServiceLogAspect - 当前执行耗时:1
2020-11-25 10:59:10.014 [scheduling-1] INFO  c.s.api.aspect.ServiceLogAspect - ====开始执行class com.soft1851.article.service.impl.ArticleServiceImplupdateAppointToPublish======
2020-11-25 10:59:10.016 [scheduling-1] ERROR c.s.api.aspect.ServiceLogAspect - 当前执行耗时:1
2020-11-25 10:59:20.015 [scheduling-1] INFO  c.s.api.aspect.ServiceLogAspect - ====开始执行class com.soft1851.article.service.impl.ArticleServiceImplupdateAppointToPublish======
2020-11-25 10:59:20.016 [scheduling-1] ERROR c.s.api.aspect.ServiceLogAspect - 当前执行耗时:1
2020-11-25 10:59:30.009 [scheduling-1] INFO  c.s.api.aspect.ServiceLogAspect - ====开始执行class com.soft1851.article.service.impl.ArticleServiceImplupdateAppointToPublish======
2020-11-25 10:59:30.010 [scheduling-1] ERROR c.s.api.aspect.ServiceLogAspect - 当前执行耗时:1
2020-11-25 10:59:40.011 [scheduling-1] INFO  c.s.api.aspect.ServiceLogAspect - ====开始执行class com.soft1851.article.service.impl.ArticleServiceImplupdateAppointToPublish======
2020-11-25 10:59:40.015 [scheduling-1] ERROR c.s.api.aspect.ServiceLogAspect - 当前执行耗时:3
2020-11-25 10:59:50.015 [scheduling-1] INFO  c.s.api.aspect.ServiceLogAspect - ====开始执行class com.soft1851.article.service.impl.ArticleServiceImplupdateAppointToPublish======
2020-11-25 10:59:50.016 [scheduling-1] ERROR c.s.api.aspect.ServiceLogAspect - 当前执行耗时:1
2020-11-25 11:00:00.016 [scheduling-1] INFO  c.s.api.aspect.ServiceLogAspect - ====开始执行class com.soft1851.article.service.impl.ArticleServiceImplupdateAppointToPublish======
2020-11-25 11:00:00.017 [scheduling-1] ERROR c.s.api.aspect.ServiceLogAspect - 当前执行耗时:0
2020-11-25 11:00:10.003 [scheduling-1] INFO  c.s.api.aspect.ServiceLogAspect - ====开始执行class com.soft1851.article.service.impl.ArticleServiceImplupdateAppointToPublish======
2020-11-25 11:00:10.004 [scheduling-1] ERROR c.s.api.aspect.ServiceLogAspect - 当前执行耗时:0
2020-11-25 11:00:20.007 [scheduling-1] INFO  c.s.api.aspect.ServiceLogAspect - ====开始执行class com.soft1851.article.service.impl.ArticleServiceImplupdateAppointToPublish======
2020-11-25 11:00:20.008 [scheduling-1] ERROR c.s.api.aspect.ServiceLogAspect - 当前执行耗时:1
2020-11-25 11:00:30.007 [scheduling-1] INFO  c.s.api.aspect.ServiceLogAspect - ====开始执行class com.soft1851.article.service.impl.ArticleServiceImplupdateAppointToPublish======
2020-11-25 11:00:30.008 [scheduling-1] ERROR c.s.api.aspect.ServiceLogAspect - 当前执行耗时:1
2020-11-25 11:00:40.008 [scheduling-1] INFO  c.s.api.aspect.ServiceLogAspect - ====开始执行class com.soft1851.article.service.impl.ArticleServiceImplupdateAppointToPublish======
2020-11-25 11:00:40.009 [scheduling-1] ERROR c.s.api.aspect.ServiceLogAspect - 当前执行耗时:1
2020-11-25 11:00:50.009 [scheduling-1] INFO  c.s.api.aspect.ServiceLogAspect - ====开始执行class com.soft1851.article.service.impl.ArticleServiceImplupdateAppointToPublish======
2020-11-25 11:00:50.010 [scheduling-1] ERROR c.s.api.aspect.ServiceLogAspect - 当前执行耗时:1
2020-11-25 11:01:00.007 [scheduling-1] INFO  c.s.api.aspect.ServiceLogAspect - ====开始执行class com.soft1851.article.service.impl.ArticleServiceImplupdateAppointToPublish======
2020-11-25 11:01:00.008 [scheduling-1] ERROR c.s.api.aspect.ServiceLogAspect - 当前执行耗时:1
2020-11-25 11:01:10.004 [scheduling-1] INFO  c.s.api.aspect.ServiceLogAspect - ====开始执行class com.soft1851.article.service.impl.ArticleServiceImplupdateAppointToPublish======
2020-11-25 11:01:10.006 [scheduling-1] ERROR c.s.api.aspect.ServiceLogAspect - 当前执行耗时:2
2020-11-25 11:01:17.704 [http-nio-8001-exec-9] INFO  c.s.api.aspect.ServiceLogAspect - ====开始执行class com.soft1851.article.service.impl.ArticleServiceImplcreateArticle======
2020-11-25 11:01:17.711 [http-nio-8001-exec-9] ERROR c.s.api.aspect.ServiceLogAspect - 当前执行耗时:7
2020-11-25 11:01:20.012 [scheduling-1] INFO  c.s.api.aspect.ServiceLogAspect - ====开始执行class com.soft1851.article.service.impl.ArticleServiceImplupdateAppointToPublish======
2020-11-25 11:01:20.012 [scheduling-1] ERROR c.s.api.aspect.ServiceLogAspect - 当前执行耗时:0
2020-11-25 11:01:25.642 [http-nio-8001-exec-1] INFO  c.s.api.aspect.ServiceLogAspect - ====开始执行class com.soft1851.article.service.impl.ArticleServiceImplcreateArticle======
2020-11-25 11:01:25.649 [http-nio-8001-exec-1] ERROR c.s.api.aspect.ServiceLogAspect - 当前执行耗时:7
2020-11-25 11:01:30.015 [scheduling-1] INFO  c.s.api.aspect.ServiceLogAspect - ====开始执行class com.soft1851.article.service.impl.ArticleServiceImplupdateAppointToPublish======
2020-11-25 11:01:30.024 [scheduling-1] ERROR c.s.api.aspect.ServiceLogAspect - 当前执行耗时:9
2020-11-25 11:01:40.014 [scheduling-1] INFO  c.s.api.aspect.ServiceLogAspect - ====开始执行class com.soft1851.article.service.impl.ArticleServiceImplupdateAppointToPublish======
2020-11-25 11:01:40.016 [scheduling-1] ERROR c.s.api.aspect.ServiceLogAspect - 当前执行耗时:1
2020-11-25 11:01:50.010 [scheduling-1] INFO  c.s.api.aspect.ServiceLogAspect - ====开始执行class com.soft1851.article.service.impl.ArticleServiceImplupdateAppointToPublish======
2020-11-25 11:01:50.012 [scheduling-1] ERROR c.s.api.aspect.ServiceLogAspect - 当前执行耗时:2
2020-11-25 11:02:00.014 [scheduling-1] INFO  c.s.api.aspect.ServiceLogAspect - ====开始执行class com.soft1851.article.service.impl.ArticleServiceImplupdateAppointToPublish======
2020-11-25 11:02:00.015 [scheduling-1] ERROR c.s.api.aspect.ServiceLogAspect - 当前执行耗时:1
2020-11-25 11:02:10.011 [scheduling-1] INFO  c.s.api.aspect.ServiceLogAspect - ====开始执行class com.soft1851.article.service.impl.ArticleServiceImplupdateAppointToPublish======
2020-11-25 11:02:10.013 [scheduling-1] ERROR c.s.api.aspect.ServiceLogAspect - 当前执行耗时:2
2020-11-25 11:02:20.010 [scheduling-1] INFO  c.s.api.aspect.ServiceLogAspect - ====开始执行class com.soft1851.article.service.impl.ArticleServiceImplupdateAppointToPublish======
2020-11-25 11:02:20.011 [scheduling-1] ERROR c.s.api.aspect.ServiceLogAspect - 当前执行耗时:1
2020-11-25 11:02:30.013 [scheduling-1] INFO  c.s.api.aspect.ServiceLogAspect - ====开始执行class com.soft1851.article.service.impl.ArticleServiceImplupdateAppointToPublish======
2020-11-25 11:02:30.016 [scheduling-1] ERROR c.s.api.aspect.ServiceLogAspect - 当前执行耗时:2
2020-11-25 11:02:40.006 [scheduling-1] INFO  c.s.api.aspect.ServiceLogAspect - ====开始执行class com.soft1851.article.service.impl.ArticleServiceImplupdateAppointToPublish======
2020-11-25 11:02:40.007 [scheduling-1] ERROR c.s.api.aspect.ServiceLogAspect - 当前执行耗时:1
2020-11-25 11:02:50.018 [scheduling-1] INFO  c.s.api.aspect.ServiceLogAspect - ====开始执行class com.soft1851.article.service.impl.ArticleServiceImplupdateAppointToPublish======
2020-11-25 11:02:50.020 [scheduling-1] ERROR c.s.api.aspect.ServiceLogAspect - 当前执行耗时:2
2020-11-25 11:03:00.016 [scheduling-1] INFO  c.s.api.aspect.ServiceLogAspect - ====开始执行class com.soft1851.article.service.impl.ArticleServiceImplupdateAppointToPublish======
2020-11-25 11:03:00.017 [scheduling-1] ERROR c.s.api.aspect.ServiceLogAspect - 当前执行耗时:1
2020-11-25 11:03:10.004 [scheduling-1] INFO  c.s.api.aspect.ServiceLogAspect - ====开始执行class com.soft1851.article.service.impl.ArticleServiceImplupdateAppointToPublish======
2020-11-25 11:03:10.006 [scheduling-1] ERROR c.s.api.aspect.ServiceLogAspect - 当前执行耗时:2
2020-11-25 11:03:20.011 [scheduling-1] INFO  c.s.api.aspect.ServiceLogAspect - ====开始执行class com.soft1851.article.service.impl.ArticleServiceImplupdateAppointToPublish======
2020-11-25 11:03:20.012 [scheduling-1] ERROR c.s.api.aspect.ServiceLogAspect - 当前执行耗时:0
2020-11-25 11:03:30.013 [scheduling-1] INFO  c.s.api.aspect.ServiceLogAspect - ====开始执行class com.soft1851.article.service.impl.ArticleServiceImplupdateAppointToPublish======
2020-11-25 11:03:30.014 [scheduling-1] ERROR c.s.api.aspect.ServiceLogAspect - 当前执行耗时:1
2020-11-25 11:03:40.002 [scheduling-1] INFO  c.s.api.aspect.ServiceLogAspect - ====开始执行class com.soft1851.article.service.impl.ArticleServiceImplupdateAppointToPublish======
2020-11-25 11:03:40.002 [scheduling-1] ERROR c.s.api.aspect.ServiceLogAspect - 当前执行耗时:0
2020-11-25 11:03:50.009 [scheduling-1] INFO  c.s.api.aspect.ServiceLogAspect - ====开始执行class com.soft1851.article.service.impl.ArticleServiceImplupdateAppointToPublish======
2020-11-25 11:03:50.009 [scheduling-1] ERROR c.s.api.aspect.ServiceLogAspect - 当前执行耗时:0
2020-11-25 11:04:00.013 [scheduling-1] INFO  c.s.api.aspect.ServiceLogAspect - ====开始执行class com.soft1851.article.service.impl.ArticleServiceImplupdateAppointToPublish======
2020-11-25 11:04:00.015 [scheduling-1] ERROR c.s.api.aspect.ServiceLogAspect - 当前执行耗时:2
